e:\programmingcourswork\coursework\coursework\debug\vc141.pdb
e:\programmingcourswork\coursework\coursework\debug\vc141.idb
e:\programmingcourswork\coursework\coursework\debug\ctexturemgr.obj
e:\programmingcourswork\coursework\coursework\debug\ctexture.obj
e:\programmingcourswork\coursework\coursework\debug\csprite.obj
e:\programmingcourswork\coursework\coursework\debug\csoundmgr.obj
e:\programmingcourswork\coursework\coursework\debug\csound.obj
e:\programmingcourswork\coursework\coursework\debug\csdl2wndmanager.obj
e:\programmingcourswork\coursework\coursework\debug\cplayer.obj
e:\programmingcourswork\coursework\coursework\debug\chighscoretable.obj
e:\programmingcourswork\coursework\coursework\debug\cgamestuver.obj
e:\programmingcourswork\coursework\coursework\debug\cfontmgr.obj
e:\programmingcourswork\coursework\coursework\debug\cfont.obj
e:\programmingcourswork\coursework\coursework\debug\cbulletstuver.obj
e:\programmingcourswork\coursework\coursework\debug\cbkground.obj
e:\programmingcourswork\coursework\coursework\debug\cenemy.obj
e:\programmingcourswork\coursework\coursework\debug\cbuttonmgr.obj
e:\programmingcourswork\coursework\coursework\debug\cbutton.obj
e:\programmingcourswork\coursework\coursework\debug\asteroidssdl.obj
e:\programmingcourswork\coursework\debug\coursework.ilk
e:\programmingcourswork\coursework\debug\coursework.exe
e:\programmingcourswork\coursework\debug\coursework.pdb
e:\programmingcourswork\coursework\coursework\debug\coursework.tlog\cl.command.1.tlog
e:\programmingcourswork\coursework\coursework\debug\coursework.tlog\cl.read.1.tlog
e:\programmingcourswork\coursework\coursework\debug\coursework.tlog\cl.write.1.tlog
e:\programmingcourswork\coursework\coursework\debug\coursework.tlog\link.command.1.tlog
e:\programmingcourswork\coursework\coursework\debug\coursework.tlog\link.read.1.tlog
e:\programmingcourswork\coursework\coursework\debug\coursework.tlog\link.write.1.tlog
