e:\lab7asteroids\lab7asteroids\debug\vc141.pdb
e:\lab7asteroids\lab7asteroids\debug\vc141.idb
e:\lab7asteroids\lab7asteroids\debug\ctexturemgr.obj
e:\lab7asteroids\lab7asteroids\debug\ctexture.obj
e:\lab7asteroids\lab7asteroids\debug\csprite.obj
e:\lab7asteroids\lab7asteroids\debug\csoundmgr.obj
e:\lab7asteroids\lab7asteroids\debug\csound.obj
e:\lab7asteroids\lab7asteroids\debug\csdl2wndmanager.obj
e:\lab7asteroids\lab7asteroids\debug\crocket.obj
e:\lab7asteroids\lab7asteroids\debug\cgamestuver.obj
e:\lab7asteroids\lab7asteroids\debug\cfontmgr.obj
e:\lab7asteroids\lab7asteroids\debug\cfont.obj
e:\lab7asteroids\lab7asteroids\debug\cbulletstuver.obj
e:\lab7asteroids\lab7asteroids\debug\cbkground.obj
e:\lab7asteroids\lab7asteroids\debug\casteroid.obj
e:\lab7asteroids\lab7asteroids\debug\asteroidssdl.obj
e:\lab7asteroids\debug\lab7asteroids.ilk
e:\lab7asteroids\debug\lab7asteroids.exe
e:\lab7asteroids\debug\lab7asteroids.pdb
e:\lab7asteroids\lab7asteroids\debug\lab7asteroids.tlog\cl.command.1.tlog
e:\lab7asteroids\lab7asteroids\debug\lab7asteroids.tlog\cl.read.1.tlog
e:\lab7asteroids\lab7asteroids\debug\lab7asteroids.tlog\cl.write.1.tlog
e:\lab7asteroids\lab7asteroids\debug\lab7asteroids.tlog\link.command.1.tlog
e:\lab7asteroids\lab7asteroids\debug\lab7asteroids.tlog\link.read.1.tlog
e:\lab7asteroids\lab7asteroids\debug\lab7asteroids.tlog\link.write.1.tlog
